#separator \x09
#set_separator	,
#empty_field	(empty)
#unset_field	-
#path	telemetry
#open	2025-11-12-17-15-42
#fields	ts	peer	metric_type	name	labels	label_values	value
#types	time	string	string	string	vector[string]	vector[string]	double
1762983660.827792	zeek	counter	zeek_log_stream_writes_total	module,stream	LoadedScripts,LoadedScripts::LOG	533.0
1762983660.827792	zeek	counter	zeek_log_stream_writes_total	module,stream	PacketFilter,PacketFilter::LOG	1.0
1762983660.827792	zeek	counter	zeek_log_writer_writes_total	filter_name,module,path,stream,writer	default,LoadedScripts,loaded_scripts,LoadedScripts::LOG,Log::WRITER_ASCII	533.0
1762983660.827792	zeek	counter	zeek_log_writer_writes_total	filter_name,module,path,stream,writer	default,PacketFilter,packet_filter,PacketFilter::LOG,Log::WRITER_ASCII	1.0
1762983660.827792	zeek	counter	zeek_log_writer_discarded_writes_total	filter_name,module,path,stream,writer	default,LoadedScripts,loaded_scripts,LoadedScripts::LOG,Log::WRITER_ASCII	0.0
1762983660.827792	zeek	counter	zeek_log_writer_discarded_writes_total	filter_name,module,path,stream,writer	default,PacketFilter,packet_filter,PacketFilter::LOG,Log::WRITER_ASCII	0.0
1762983660.827792	zeek	counter	zeek_net_received_bytes_total	(empty)	(empty)	164.0
1762983660.827792	zeek	counter	zeek_net_received_packets_total	(empty)	(empty)	1.0
1762983660.827792	zeek	counter	zeek_msgthread_threads_total	(empty)	(empty)	2.0
1762983660.827792	zeek	counter	zeek_msgthread_in_messages_total	(empty)	(empty)	4.0
1762983660.827792	zeek	counter	zeek_msgthread_out_messages_total	(empty)	(empty)	0.0
1762983660.827792	zeek	counter	zeek_cluster_core_outgoing_events_total	(empty)	(empty)	0.0
1762983660.827792	zeek	counter	zeek_cluster_core_incoming_events_total	(empty)	(empty)	0.0
1762983660.827792	zeek	counter	zeek_broker_incoming_events_total	(empty)	(empty)	0.0
1762983660.827792	zeek	counter	zeek_broker_outgoing_events_total	(empty)	(empty)	0.0
1762983660.827792	zeek	counter	zeek_broker_incoming_logs_total	(empty)	(empty)	0.0
1762983660.827792	zeek	counter	zeek_broker_outgoing_logs_total	(empty)	(empty)	0.0
1762983660.827792	zeek	counter	zeek_broker_incoming_ids_total	(empty)	(empty)	0.0
1762983660.827792	zeek	counter	zeek_broker_outgoing_ids_total	(empty)	(empty)	0.0
1762983660.827792	zeek	counter	zeek_timers_total	(empty)	(empty)	126.0
1762983660.827792	zeek	counter	zeek_dnsmgr_requests_total	(empty)	(empty)	0.0
1762983660.827792	zeek	counter	zeek_dnsmgr_successful_requests_total	(empty)	(empty)	0.0
1762983660.827792	zeek	counter	zeek_dnsmgr_failed_requests_total	(empty)	(empty)	0.0
1762983660.827792	zeek	counter	zeek_triggers_total	(empty)	(empty)	0.0
1762983660.827792	zeek	counter	zeek_ended_sessions_total	reason	inactivity	0.0
1762983660.827792	zeek	counter	zeek_event_handler_invocations_total	name	Telemetry::log	1.0
1762983660.827792	zeek	counter	zeek_event_handler_invocations_total	name	ChecksumOffloading::check	1.0
1762983660.827792	zeek	counter	zeek_event_handler_invocations_total	name	Broker::log_flush	1.0
1762983660.827792	zeek	counter	zeek_event_handler_invocations_total	name	filter_change_tracking	1.0
1762983660.827792	zeek	counter	zeek_event_handler_invocations_total	name	NetControl::init	1.0
1762983660.827792	zeek	counter	zeek_event_handler_invocations_total	name	grab_vulnerable_versions	1.0
1762983660.827792	zeek	counter	zeek_event_handler_invocations_total	name	zeek_script_loaded	533.0
1762983660.827792	zeek	counter	zeek_event_handler_invocations_total	name	zeek_init	1.0
1762983660.827792	zeek	counter	zeek_total_sessions_total	protocol	icmp	0.0
1762983660.827792	zeek	counter	zeek_total_sessions_total	protocol	udp	0.0
1762983660.827792	zeek	counter	zeek_total_sessions_total	protocol	tcp	1.0
1762983660.827792	zeek	gauge	zeek_version_info	beta,commit,debug,major,minor,patch,version_number,version_string	false,0,false,8,0,4,80004,8.0.4	1.0
1762983660.827792	zeek	gauge	zeek_net_timestamp_seconds	(empty)	(empty)	1762983660.827792
1762983660.827792	zeek	gauge	zeek_msgthread_active_threads	(empty)	(empty)	2.0
1762983660.827792	zeek	gauge	zeek_msgthread_pending_in_messages	(empty)	(empty)	0.0
1762983660.827792	zeek	gauge	zeek_msgthread_pending_out_messages	(empty)	(empty)	0.0
1762983660.827792	zeek	gauge	zeek_msgthread_pending_messages_in_buckets	le	1	2.0
1762983660.827792	zeek	gauge	zeek_msgthread_pending_messages_in_buckets	le	10000	2.0
1762983660.827792	zeek	gauge	zeek_msgthread_pending_messages_in_buckets	le	1000	2.0
1762983660.827792	zeek	gauge	zeek_msgthread_pending_messages_in_buckets	le	100	2.0
1762983660.827792	zeek	gauge	zeek_msgthread_pending_messages_in_buckets	le	inf	2.0
1762983660.827792	zeek	gauge	zeek_msgthread_pending_messages_in_buckets	le	10	2.0
1762983660.827792	zeek	gauge	zeek_msgthread_pending_messages_out_buckets	le	1	2.0
1762983660.827792	zeek	gauge	zeek_msgthread_pending_messages_out_buckets	le	10000	2.0
1762983660.827792	zeek	gauge	zeek_msgthread_pending_messages_out_buckets	le	1000	2.0
1762983660.827792	zeek	gauge	zeek_msgthread_pending_messages_out_buckets	le	100	2.0
1762983660.827792	zeek	gauge	zeek_msgthread_pending_messages_out_buckets	le	inf	2.0
1762983660.827792	zeek	gauge	zeek_msgthread_pending_messages_out_buckets	le	10	2.0
1762983660.827792	zeek	gauge	zeek_broker_peers	(empty)	(empty)	0.0
1762983660.827792	zeek	gauge	zeek_broker_stores	(empty)	(empty)	1.0
1762983660.827792	zeek	gauge	zeek_broker_pending_queries	(empty)	(empty)	0.0
1762983660.827792	zeek	gauge	zeek_timers_lag_time_seconds	(empty)	(empty)	1762980060.827792
1762983660.827792	zeek	gauge	zeek_timers_pending	type	StorageExpire	1.0
1762983660.827792	zeek	gauge	zeek_timers_pending	type	LogDelayExpire	0.0
1762983660.827792	zeek	gauge	zeek_timers_pending	type	UnknownProtocolExpire	0.0
1762983660.827792	zeek	gauge	zeek_timers_pending	type	TimerMgrExpireTimer	0.0
1762983660.827792	zeek	gauge	zeek_timers_pending	type	LogFlushWriteBufferTimer	1.0
1762983660.827792	zeek	gauge	zeek_timers_pending	type	ParentProcessIDCheck	0.0
1762983660.827792	zeek	gauge	zeek_timers_pending	type	TriggerTimer	0.0
1762983660.827792	zeek	gauge	zeek_timers_pending	type	TCPConnectionResetTimer	0.0
1762983660.827792	zeek	gauge	zeek_timers_pending	type	TCPConnectionAttemptTimer	0.0
1762983660.827792	zeek	gauge	zeek_timers_pending	type	TableValTimer	34.0
1762983660.827792	zeek	gauge	zeek_timers_pending	type	NetworkTimer	0.0
1762983660.827792	zeek	gauge	zeek_timers_pending	type	RemoveConnection	0.0
1762983660.827792	zeek	gauge	zeek_timers_pending	type	NetWeirdTimer	0.0
1762983660.827792	zeek	gauge	zeek_timers_pending	type	IPTunnelInactivityTimer	0.0
1762983660.827792	zeek	gauge	zeek_timers_pending	type	RotateTimer	0.0
1762983660.827792	zeek	gauge	zeek_timers_pending	type	InterconnTimer	0.0
1762983660.827792	zeek	gauge	zeek_timers_pending	type	NTPExpireTimer	0.0
1762983660.827792	zeek	gauge	zeek_timers_pending	type	FragTimer	0.0
1762983660.827792	zeek	gauge	zeek_timers_pending	type	ScheduleTimer	2.0
1762983660.827792	zeek	gauge	zeek_timers_pending	type	TCPConnectionPartialClose	0.0
1762983660.827792	zeek	gauge	zeek_timers_pending	type	TCPConnectionExpireTimer	1.0
1762983660.827792	zeek	gauge	zeek_timers_pending	type	FlowWeirdTimer	0.0
1762983660.827792	zeek	gauge	zeek_timers_pending	type	ConnectionInactivityTimer	1.0
1762983660.827792	zeek	gauge	zeek_timers_pending	type	ThreadHeartbeat	1.0
1762983660.827792	zeek	gauge	zeek_timers_pending	type	BackdoorTimer	0.0
1762983660.827792	zeek	gauge	zeek_timers_pending	type	FileAnalysisInactivityTimer	0.0
1762983660.827792	zeek	gauge	zeek_timers_pending	type	ConnectionStatusUpdateTimer	0.0
1762983660.827792	zeek	gauge	zeek_timers_pending	type	TCPConnectionDeleteTimer	0.0
1762983660.827792	zeek	gauge	zeek_timers_pending	type	ProfileTimer	0.0
1762983660.827792	zeek	gauge	zeek_timers_pending	type	ConnectionExpireTimer	0.0
1762983660.827792	zeek	gauge	zeek_timers_pending	type	DNSExpireTimer	0.0
1762983660.827792	zeek	gauge	zeek_timers_pending	type	BreakpointTimer	0.0
1762983660.827792	zeek	gauge	zeek_timers_pending	type	RPCExpireTimer	0.0
1762983660.827792	zeek	gauge	zeek_timers_pending	type	NetbiosExpireTimer	0.0
1762983660.827792	zeek	gauge	zeek_timers_pending	type	ConnTupleWeirdTimer	0.0
1762983660.827792	zeek	gauge	zeek_timers_pending	type	ConnectionDeleteTimer	0.0
1762983660.827792	zeek	gauge	zeek_dnsmgr_pending_asyncs_requests	(empty)	(empty)	0.0
1762983660.827792	zeek	gauge	zeek_dnsmgr_cache_entries	type	text	0.0
1762983660.827792	zeek	gauge	zeek_dnsmgr_cache_entries	type	address	0.0
1762983660.827792	zeek	gauge	zeek_dnsmgr_cache_entries	type	host	0.0
1762983660.827792	zeek	gauge	zeek_pending_triggers	(empty)	(empty)	0.0
1762983660.827792	zeek	gauge	zeek_active_sessions	protocol	icmp	0.0
1762983660.827792	zeek	gauge	zeek_active_sessions	protocol	udp	0.0
1762983660.827792	zeek	gauge	zeek_active_sessions	protocol	tcp	1.0
1762983660.827792	zeek	counter	process_cpu_user_seconds_total	(empty)	(empty)	0.148
1762983660.827792	zeek	counter	process_cpu_system_seconds_total	(empty)	(empty)	0.055
1762983660.827792	zeek	gauge	process_resident_memory_bytes	(empty)	(empty)	99024896.0
1762983660.827792	zeek	gauge	process_virtual_memory_bytes	(empty)	(empty)	420542627840.0
1762983660.827792	zeek	gauge	process_open_fds	(empty)	(empty)	25.0
1762983660.827792	zeek	gauge	process_start_time_seconds	(empty)	(empty)	1762985742.662111
1762983702.938132	zeek	counter	zeek_log_stream_writes_total	module,stream	QUIC,QUIC::LOG	12.0
1762983702.938132	zeek	counter	zeek_log_stream_writes_total	module,stream	Conn,Conn::LOG	108.0
1762983702.938132	zeek	counter	zeek_log_stream_writes_total	module,stream	SSL,SSL::LOG	22.0
1762983702.938132	zeek	counter	zeek_log_stream_writes_total	module,stream	Stats,Stats::LOG	2.0
1762983702.938132	zeek	counter	zeek_log_stream_writes_total	module,stream	Weird,Weird::LOG	1.0
1762983702.938132	zeek	counter	zeek_log_stream_writes_total	module,stream	LoadedScripts,LoadedScripts::LOG	533.0
1762983702.938132	zeek	counter	zeek_log_stream_writes_total	module,stream	DNS,DNS::LOG	41.0
1762983702.938132	zeek	counter	zeek_log_stream_writes_total	module,stream	Known,Known::HOSTS_LOG	2.0
1762983702.938132	zeek	counter	zeek_log_stream_writes_total	module,stream	CaptureLoss,CaptureLoss::LOG	1.0
1762983702.938132	zeek	counter	zeek_log_stream_writes_total	module,stream	Known,Known::SERVICES_LOG	2.0
1762983702.938132	zeek	counter	zeek_log_stream_writes_total	module,stream	PacketFilter,PacketFilter::LOG	1.0
1762983702.938132	zeek	counter	zeek_log_stream_writes_total	module,stream	Telemetry,Telemetry::LOG	107.0
1762983702.938132	zeek	counter	zeek_log_writer_writes_total	filter_name,module,path,stream,writer	default,QUIC,quic,QUIC::LOG,Log::WRITER_ASCII	12.0
1762983702.938132	zeek	counter	zeek_log_writer_writes_total	filter_name,module,path,stream,writer	default,Weird,weird,Weird::LOG,Log::WRITER_ASCII	1.0
1762983702.938132	zeek	counter	zeek_log_writer_writes_total	filter_name,module,path,stream,writer	default,CaptureLoss,capture_loss,CaptureLoss::LOG,Log::WRITER_ASCII	1.0
1762983702.938132	zeek	counter	zeek_log_writer_writes_total	filter_name,module,path,stream,writer	default,Known,known_services,Known::SERVICES_LOG,Log::WRITER_ASCII	2.0
1762983702.938132	zeek	counter	zeek_log_writer_writes_total	filter_name,module,path,stream,writer	default,SSL,ssl,SSL::LOG,Log::WRITER_ASCII	22.0
1762983702.938132	zeek	counter	zeek_log_writer_writes_total	filter_name,module,path,stream,writer	default,Conn,conn,Conn::LOG,Log::WRITER_ASCII	108.0
1762983702.938132	zeek	counter	zeek_log_writer_writes_total	filter_name,module,path,stream,writer	default,LoadedScripts,loaded_scripts,LoadedScripts::LOG,Log::WRITER_ASCII	533.0
1762983702.938132	zeek	counter	zeek_log_writer_writes_total	filter_name,module,path,stream,writer	default,PacketFilter,packet_filter,PacketFilter::LOG,Log::WRITER_ASCII	1.0
1762983702.938132	zeek	counter	zeek_log_writer_writes_total	filter_name,module,path,stream,writer	default,Known,known_hosts,Known::HOSTS_LOG,Log::WRITER_ASCII	2.0
1762983702.938132	zeek	counter	zeek_log_writer_writes_total	filter_name,module,path,stream,writer	default,Stats,stats,Stats::LOG,Log::WRITER_ASCII	2.0
1762983702.938132	zeek	counter	zeek_log_writer_writes_total	filter_name,module,path,stream,writer	default,DNS,dns,DNS::LOG,Log::WRITER_ASCII	41.0
1762983702.938132	zeek	counter	zeek_log_writer_writes_total	filter_name,module,path,stream,writer	default,Telemetry,telemetry,Telemetry::LOG,Log::WRITER_ASCII	107.0
1762983702.938132	zeek	counter	zeek_log_writer_discarded_writes_total	filter_name,module,path,stream,writer	default,QUIC,quic,QUIC::LOG,Log::WRITER_ASCII	0.0
1762983702.938132	zeek	counter	zeek_log_writer_discarded_writes_total	filter_name,module,path,stream,writer	default,Weird,weird,Weird::LOG,Log::WRITER_ASCII	0.0
1762983702.938132	zeek	counter	zeek_log_writer_discarded_writes_total	filter_name,module,path,stream,writer	default,CaptureLoss,capture_loss,CaptureLoss::LOG,Log::WRITER_ASCII	0.0
1762983702.938132	zeek	counter	zeek_log_writer_discarded_writes_total	filter_name,module,path,stream,writer	default,Known,known_services,Known::SERVICES_LOG,Log::WRITER_ASCII	0.0
1762983702.938132	zeek	counter	zeek_log_writer_discarded_writes_total	filter_name,module,path,stream,writer	default,SSL,ssl,SSL::LOG,Log::WRITER_ASCII	0.0
1762983702.938132	zeek	counter	zeek_log_writer_discarded_writes_total	filter_name,module,path,stream,writer	default,Conn,conn,Conn::LOG,Log::WRITER_ASCII	0.0
1762983702.938132	zeek	counter	zeek_log_writer_discarded_writes_total	filter_name,module,path,stream,writer	default,LoadedScripts,loaded_scripts,LoadedScripts::LOG,Log::WRITER_ASCII	0.0
1762983702.938132	zeek	counter	zeek_log_writer_discarded_writes_total	filter_name,module,path,stream,writer	default,PacketFilter,packet_filter,PacketFilter::LOG,Log::WRITER_ASCII	0.0
1762983702.938132	zeek	counter	zeek_log_writer_discarded_writes_total	filter_name,module,path,stream,writer	default,Known,known_hosts,Known::HOSTS_LOG,Log::WRITER_ASCII	0.0
1762983702.938132	zeek	counter	zeek_log_writer_discarded_writes_total	filter_name,module,path,stream,writer	default,Stats,stats,Stats::LOG,Log::WRITER_ASCII	0.0
1762983702.938132	zeek	counter	zeek_log_writer_discarded_writes_total	filter_name,module,path,stream,writer	default,DNS,dns,DNS::LOG,Log::WRITER_ASCII	0.0
1762983702.938132	zeek	counter	zeek_log_writer_discarded_writes_total	filter_name,module,path,stream,writer	default,Telemetry,telemetry,Telemetry::LOG,Log::WRITER_ASCII	0.0
1762983702.938132	zeek	counter	zeek_net_received_bytes_total	(empty)	(empty)	1270588.0
1762983702.938132	zeek	counter	zeek_net_received_packets_total	(empty)	(empty)	2078.0
1762983702.938132	zeek	counter	zeek_msgthread_threads_total	(empty)	(empty)	12.0
1762983702.938132	zeek	counter	zeek_msgthread_in_messages_total	(empty)	(empty)	136.0
1762983702.938132	zeek	counter	zeek_msgthread_out_messages_total	(empty)	(empty)	0.0
1762983702.938132	zeek	counter	zeek_cluster_core_outgoing_events_total	(empty)	(empty)	0.0
1762983702.938132	zeek	counter	zeek_cluster_core_incoming_events_total	(empty)	(empty)	0.0
1762983702.938132	zeek	counter	zeek_broker_incoming_events_total	(empty)	(empty)	0.0
1762983702.938132	zeek	counter	zeek_broker_outgoing_events_total	(empty)	(empty)	0.0
1762983702.938132	zeek	counter	zeek_broker_incoming_logs_total	(empty)	(empty)	0.0
1762983702.938132	zeek	counter	zeek_broker_outgoing_logs_total	(empty)	(empty)	0.0
1762983702.938132	zeek	counter	zeek_broker_incoming_ids_total	(empty)	(empty)	0.0
1762983702.938132	zeek	counter	zeek_broker_outgoing_ids_total	(empty)	(empty)	0.0
1762983702.938132	zeek	counter	zeek_timers_total	(empty)	(empty)	932.0
1762983702.938132	zeek	counter	zeek_dnsmgr_requests_total	(empty)	(empty)	0.0
1762983702.938132	zeek	counter	zeek_dnsmgr_successful_requests_total	(empty)	(empty)	0.0
1762983702.938132	zeek	counter	zeek_dnsmgr_failed_requests_total	(empty)	(empty)	0.0
1762983702.938132	zeek	counter	zeek_triggers_total	(empty)	(empty)	0.0
1762983702.938132	zeek	counter	zeek_ended_sessions_total	reason	inactivity	0.0
1762983702.938132	zeek	counter	zeek_event_handler_invocations_total	name	dns_SRV_reply	1.0
1762983702.938132	zeek	counter	zeek_event_handler_invocations_total	name	known_service_add	17.0
1762983702.938132	zeek	counter	zeek_event_handler_invocations_total	name	service_info_commit	35.0
1762983702.938132	zeek	counter	zeek_event_handler_invocations_total	name	connection_state_remove	108.0
1762983702.938132	zeek	counter	zeek_event_handler_invocations_total	name	QUIC::handshake_packet	29.0
1762983702.938132	zeek	counter	zeek_event_handler_invocations_total	name	QUIC::initial_packet	72.0
1762983702.938132	zeek	counter	zeek_event_handler_invocations_total	name	ssl_established	10.0
1762983702.938132	zeek	counter	zeek_event_handler_invocations_total	name	ssl_change_cipher_spec	20.0
1762983702.938132	zeek	counter	zeek_event_handler_invocations_total	name	dns_HTTPS	2.0
1762983702.938132	zeek	counter	zeek_event_handler_invocations_total	name	ssl_client_hello	22.0
1762983702.938132	zeek	counter	zeek_event_handler_invocations_total	name	ssl_extension_application_layer_protocol_negotiation	22.0
1762983702.938132	zeek	counter	zeek_event_handler_invocations_total	name	QUIC::zero_rtt_packet	13.0
1762983702.938132	zeek	counter	zeek_event_handler_invocations_total	name	ssl_extension_server_name	22.0
1762983702.938132	zeek	counter	zeek_event_handler_invocations_total	name	conn_weird	1.0
1762983702.938132	zeek	counter	zeek_event_handler_invocations_total	name	ssl_extension_key_share	44.0
1762983702.938132	zeek	counter	zeek_event_handler_invocations_total	name	net_done	1.0
1762983702.938132	zeek	counter	zeek_event_handler_invocations_total	name	dns_PTR_reply	5.0
1762983702.938132	zeek	counter	zeek_event_handler_invocations_total	name	ssl_extension_supported_versions	44.0
1762983702.938132	zeek	counter	zeek_event_handler_invocations_total	name	Telemetry::log	2.0
1762983702.938132	zeek	counter	zeek_event_handler_invocations_total	name	ssl_extension	395.0
1762983702.938132	zeek	counter	zeek_event_handler_invocations_total	name	dns_CNAME_reply	14.0
1762983702.938132	zeek	counter	zeek_event_handler_invocations_total	name	zeek_init	1.0
1762983702.938132	zeek	counter	zeek_event_handler_invocations_total	name	dns_end	76.0
1762983702.938132	zeek	counter	zeek_event_handler_invocations_total	name	analyzer_confirmation_info	72.0
1762983702.938132	zeek	counter	zeek_event_handler_invocations_total	name	connection_established	46.0
1762983702.938132	zeek	counter	zeek_event_handler_invocations_total	name	connection_flipped	3.0
1762983702.938132	zeek	counter	zeek_event_handler_invocations_total	name	check_stats	2.0
1762983702.938132	zeek	counter	zeek_event_handler_invocations_total	name	ssl_handshake_message	44.0
1762983702.938132	zeek	counter	zeek_event_handler_invocations_total	name	zeek_script_loaded	533.0
1762983702.938132	zeek	counter	zeek_event_handler_invocations_total	name	known_host_add	2.0
1762983702.938132	zeek	counter	zeek_event_handler_invocations_total	name	zeek_done	1.0
1762983702.938132	zeek	counter	zeek_event_handler_invocations_total	name	grab_vulnerable_versions	3.0
1762983702.938132	zeek	counter	zeek_event_handler_invocations_total	name	ssl_server_hello	22.0
1762983702.938132	zeek	counter	zeek_event_handler_invocations_total	name	ChecksumOffloading::check	2.0
1762983702.938132	zeek	counter	zeek_event_handler_invocations_total	name	dns_message	76.0
1762983702.938132	zeek	counter	zeek_event_handler_invocations_total	name	SumStats::finish_epoch	3.0
1762983702.938132	zeek	counter	zeek_event_handler_invocations_total	name	CaptureLoss::take_measurement	2.0
1762983702.938132	zeek	counter	zeek_event_handler_invocations_total	name	dns_A_reply	52.0
1762983702.938132	zeek	counter	zeek_event_handler_invocations_total	name	new_connection	108.0
1762983702.938132	zeek	counter	zeek_event_handler_invocations_total	name	dns_request	49.0
1762983702.938132	zeek	counter	zeek_event_handler_invocations_total	name	Broker::log_flush	32.0
1762983702.938132	zeek	counter	zeek_event_handler_invocations_total	name	ssl_plaintext_data	64.0
1762983702.938132	zeek	counter	zeek_event_handler_invocations_total	name	Known::host_found	82.0
1762983702.938132	zeek	counter	zeek_event_handler_invocations_total	name	filter_change_tracking	3.0
1762983702.938132	zeek	counter	zeek_event_handler_invocations_total	name	NetControl::init	1.0
1762983702.938132	zeek	counter	zeek_total_sessions_total	protocol	unknown	1.0
1762983702.938132	zeek	counter	zeek_total_sessions_total	protocol	icmp	0.0
1762983702.938132	zeek	counter	zeek_total_sessions_total	protocol	udp	20.0
1762983702.938132	zeek	counter	zeek_total_sessions_total	protocol	tcp	87.0
1762983702.938132	zeek	gauge	zeek_version_info	beta,commit,debug,major,minor,patch,version_number,version_string	false,0,false,8,0,4,80004,8.0.4	1.0
1762983702.938132	zeek	gauge	zeek_net_timestamp_seconds	(empty)	(empty)	1762983702.938132
1762983702.938132	zeek	gauge	zeek_msgthread_active_threads	(empty)	(empty)	12.0
1762983702.938132	zeek	gauge	zeek_msgthread_pending_in_messages	(empty)	(empty)	0.0
1762983702.938132	zeek	gauge	zeek_msgthread_pending_out_messages	(empty)	(empty)	0.0
1762983702.938132	zeek	gauge	zeek_msgthread_pending_messages_in_buckets	le	1	2.0
1762983702.938132	zeek	gauge	zeek_msgthread_pending_messages_in_buckets	le	10000	2.0
1762983702.938132	zeek	gauge	zeek_msgthread_pending_messages_in_buckets	le	1000	2.0
1762983702.938132	zeek	gauge	zeek_msgthread_pending_messages_in_buckets	le	100	2.0
1762983702.938132	zeek	gauge	zeek_msgthread_pending_messages_in_buckets	le	inf	2.0
1762983702.938132	zeek	gauge	zeek_msgthread_pending_messages_in_buckets	le	10	2.0
1762983702.938132	zeek	gauge	zeek_msgthread_pending_messages_out_buckets	le	1	2.0
1762983702.938132	zeek	gauge	zeek_msgthread_pending_messages_out_buckets	le	10000	2.0
1762983702.938132	zeek	gauge	zeek_msgthread_pending_messages_out_buckets	le	1000	2.0
1762983702.938132	zeek	gauge	zeek_msgthread_pending_messages_out_buckets	le	100	2.0
1762983702.938132	zeek	gauge	zeek_msgthread_pending_messages_out_buckets	le	inf	2.0
1762983702.938132	zeek	gauge	zeek_msgthread_pending_messages_out_buckets	le	10	2.0
1762983702.938132	zeek	gauge	zeek_broker_peers	(empty)	(empty)	0.0
1762983702.938132	zeek	gauge	zeek_broker_stores	(empty)	(empty)	1.0
1762983702.938132	zeek	gauge	zeek_broker_pending_queries	(empty)	(empty)	0.0
1762983702.938132	zeek	gauge	zeek_timers_lag_time_seconds	(empty)	(empty)	1762983702.938132
1762983702.938132	zeek	gauge	zeek_timers_pending	type	StorageExpire	0.0
1762983702.938132	zeek	gauge	zeek_timers_pending	type	LogDelayExpire	0.0
1762983702.938132	zeek	gauge	zeek_timers_pending	type	UnknownProtocolExpire	0.0
1762983702.938132	zeek	gauge	zeek_timers_pending	type	TimerMgrExpireTimer	0.0
1762983702.938132	zeek	gauge	zeek_timers_pending	type	LogFlushWriteBufferTimer	0.0
1762983702.938132	zeek	gauge	zeek_timers_pending	type	ParentProcessIDCheck	0.0
1762983702.938132	zeek	gauge	zeek_timers_pending	type	TriggerTimer	0.0
1762983702.938132	zeek	gauge	zeek_timers_pending	type	TCPConnectionResetTimer	0.0
1762983702.938132	zeek	gauge	zeek_timers_pending	type	TCPConnectionAttemptTimer	0.0
1762983702.938132	zeek	gauge	zeek_timers_pending	type	TableValTimer	0.0
1762983702.938132	zeek	gauge	zeek_timers_pending	type	NetworkTimer	0.0
1762983702.938132	zeek	gauge	zeek_timers_pending	type	RemoveConnection	0.0
1762983702.938132	zeek	gauge	zeek_timers_pending	type	NetWeirdTimer	0.0
1762983702.938132	zeek	gauge	zeek_timers_pending	type	IPTunnelInactivityTimer	0.0
1762983702.938132	zeek	gauge	zeek_timers_pending	type	RotateTimer	0.0
1762983702.938132	zeek	gauge	zeek_timers_pending	type	InterconnTimer	0.0
1762983702.938132	zeek	gauge	zeek_timers_pending	type	NTPExpireTimer	0.0
1762983702.938132	zeek	gauge	zeek_timers_pending	type	FragTimer	0.0
1762983702.938132	zeek	gauge	zeek_timers_pending	type	ScheduleTimer	0.0
1762983702.938132	zeek	gauge	zeek_timers_pending	type	TCPConnectionPartialClose	0.0
1762983702.938132	zeek	gauge	zeek_timers_pending	type	TCPConnectionExpireTimer	0.0
1762983702.938132	zeek	gauge	zeek_timers_pending	type	FlowWeirdTimer	0.0
1762983702.938132	zeek	gauge	zeek_timers_pending	type	ConnectionInactivityTimer	0.0
1762983702.938132	zeek	gauge	zeek_timers_pending	type	ThreadHeartbeat	0.0
1762983702.938132	zeek	gauge	zeek_timers_pending	type	BackdoorTimer	0.0
1762983702.938132	zeek	gauge	zeek_timers_pending	type	FileAnalysisInactivityTimer	0.0
1762983702.938132	zeek	gauge	zeek_timers_pending	type	ConnectionStatusUpdateTimer	0.0
1762983702.938132	zeek	gauge	zeek_timers_pending	type	TCPConnectionDeleteTimer	0.0
1762983702.938132	zeek	gauge	zeek_timers_pending	type	ProfileTimer	0.0
1762983702.938132	zeek	gauge	zeek_timers_pending	type	ConnectionExpireTimer	0.0
1762983702.938132	zeek	gauge	zeek_timers_pending	type	DNSExpireTimer	0.0
1762983702.938132	zeek	gauge	zeek_timers_pending	type	BreakpointTimer	0.0
1762983702.938132	zeek	gauge	zeek_timers_pending	type	RPCExpireTimer	0.0
1762983702.938132	zeek	gauge	zeek_timers_pending	type	NetbiosExpireTimer	0.0
1762983702.938132	zeek	gauge	zeek_timers_pending	type	ConnTupleWeirdTimer	0.0
1762983702.938132	zeek	gauge	zeek_timers_pending	type	ConnectionDeleteTimer	0.0
1762983702.938132	zeek	gauge	zeek_dnsmgr_pending_asyncs_requests	(empty)	(empty)	0.0
1762983702.938132	zeek	gauge	zeek_dnsmgr_cache_entries	type	text	0.0
1762983702.938132	zeek	gauge	zeek_dnsmgr_cache_entries	type	address	0.0
1762983702.938132	zeek	gauge	zeek_dnsmgr_cache_entries	type	host	0.0
1762983702.938132	zeek	gauge	zeek_pending_triggers	(empty)	(empty)	0.0
1762983702.938132	zeek	gauge	zeek_active_sessions	protocol	unknown	1.0
1762983702.938132	zeek	gauge	zeek_active_sessions	protocol	icmp	0.0
1762983702.938132	zeek	gauge	zeek_active_sessions	protocol	udp	16.0
1762983702.938132	zeek	gauge	zeek_active_sessions	protocol	tcp	47.0
1762983702.938132	zeek	counter	process_cpu_user_seconds_total	(empty)	(empty)	0.161
1762983702.938132	zeek	counter	process_cpu_system_seconds_total	(empty)	(empty)	0.058
1762983702.938132	zeek	gauge	process_resident_memory_bytes	(empty)	(empty)	101056512.0
1762983702.938132	zeek	gauge	process_virtual_memory_bytes	(empty)	(empty)	420548362240.0
1762983702.938132	zeek	gauge	process_open_fds	(empty)	(empty)	54.0
1762983702.938132	zeek	gauge	process_start_time_seconds	(empty)	(empty)	1762985742.662111
#close	2025-11-12-17-15-42
